This is pdfTeX, Version 3.1415926-1.40.8-alpha-20080323 (MiKTeX 2.7) (preloaded format=pdflatex 2009.12.8)  30 JAN 2011 04:43
entering extended mode
**C:/Users/adum/simexp/paper/sim.tex
(C:/Users/adum/simexp/paper/sim.tex
LaTeX2e <2005/12/01>
Babel <v3.8j> and hyphenation patterns for english, dumylang, nohyphenation, ge
rman, ngerman, french, loaded.
\c@theorem=\count79
("C:\Program Files (x86)\MiKTeX 2.7\tex\latex\base\article.cls"
Document Class: article 2005/09/16 v1.4f Standard LaTeX document class
("C:\Program Files (x86)\MiKTeX 2.7\tex\latex\base\size10.clo"
File: size10.clo 2005/09/16 v1.4f Standard LaTeX file (size option)
)
\c@part=\count80
\c@section=\count81
\c@subsection=\count82
\c@subsubsection=\count83
\c@paragraph=\count84
\c@subparagraph=\count85
\c@figure=\count86
\c@table=\count87
\abovecaptionskip=\skip41
\belowcaptionskip=\skip42
\bibindent=\dimen102
)
("C:\Program Files (x86)\MiKTeX 2.7\tex\latex\graphics\graphicx.sty"
Package: graphicx 1999/02/16 v1.0f Enhanced LaTeX Graphics (DPC,SPQR)

("C:\Program Files (x86)\MiKTeX 2.7\tex\latex\graphics\keyval.sty"
Package: keyval 1999/03/16 v1.13 key=value parser (DPC)
\KV@toks@=\toks14
)
("C:\Program Files (x86)\MiKTeX 2.7\tex\latex\graphics\graphics.sty"
Package: graphics 2006/02/20 v1.0o Standard LaTeX Graphics (DPC,SPQR)

("C:\Program Files (x86)\MiKTeX 2.7\tex\latex\graphics\trig.sty"
Package: trig 1999/03/16 v1.09 sin cos tan (DPC)
)
("C:\Program Files (x86)\MiKTeX 2.7\tex\latex\00miktex\graphics.cfg"
File: graphics.cfg 2007/01/18 v1.5 graphics configuration of teTeX/TeXLive
)
Package graphics Info: Driver file: pdftex.def on input line 90.

("C:\Program Files (x86)\MiKTeX 2.7\tex\latex\graphics\pdftex.def"
File: pdftex.def 2007/06/12 v0.04h Graphics/color for pdfTeX
\Gread@gobject=\count88
))
\Gin@req@height=\dimen103
\Gin@req@width=\dimen104
)
("C:\Program Files (x86)\MiKTeX 2.7\tex\latex\subfigure\subfigure.sty"
Package: subfigure 2002/07/30 v2.1.4 subfigure package
\subfigtopskip=\skip43
\subfigcapskip=\skip44
\subfigcaptopadj=\dimen105
\subfigbottomskip=\skip45
\subfigcapmargin=\dimen106
\subfiglabelskip=\skip46
\c@subfigure=\count89
\c@lofdepth=\count90
\c@subtable=\count91
\c@lotdepth=\count92

****************************************
* Local config file subfigure.cfg used *
****************************************
("C:\Program Files (x86)\MiKTeX 2.7\tex\latex\subfigure\subfigure.cfg")
\subfig@top=\skip47
\subfig@bottom=\skip48
)
(natbib.sty
Package: natbib 2009/07/16 8.31 (PWD, AO)
\bibhang=\skip49
\bibsep=\skip50
LaTeX Info: Redefining \cite on input line 694.
\c@NAT@ctr=\count93
) (algorithm.sty
Package: algorithm 

Document Style `algorithm' - floating environment
("C:\Program Files (x86)\MiKTeX 2.7\tex\latex\float\float.sty"
Package: float 2001/11/08 v1.3d Float enhancements (AL)
\c@float@type=\count94
\float@exts=\toks15
\float@box=\box26
\@float@everytoks=\toks16
\@floatcapt=\box27
)
("C:\Program Files (x86)\MiKTeX 2.7\tex\latex\base\ifthen.sty"
Package: ifthen 2001/05/26 v1.1c Standard LaTeX ifthen package (DPC)
)
\@float@every@algorithm=\toks17
\c@algorithm=\count95
)
("C:\Program Files (x86)\MiKTeX 2.7\tex\latex\amsfonts\amsfonts.sty"
Package: amsfonts 2001/10/25 v2.2f
\@emptytoks=\toks18
\symAMSa=\mathgroup4
\symAMSb=\mathgroup5
LaTeX Font Info:    Overwriting math alphabet `\mathfrak' in version `bold'
(Font)                  U/euf/m/n --> U/euf/b/n on input line 132.
)
(algorithmic.sty
Package: algorithmic 

Document Style `algorithmic' - environment
("C:\Program Files (x86)\MiKTeX 2.7\tex\latex\tools\calc.sty"
Package: calc 2005/08/06 v4.2 Infix arithmetic (KKT,FJ)
\calc@Acount=\count96
\calc@Bcount=\count97
\calc@Adimen=\dimen107
\calc@Bdimen=\dimen108
\calc@Askip=\skip51
\calc@Bskip=\skip52
LaTeX Info: Redefining \setlength on input line 75.
LaTeX Info: Redefining \addtolength on input line 76.
\calc@Ccount=\count98
\calc@Cskip=\skip53
)
\c@ALC@line=\count99
\c@ALC@rem=\count100
\ALC@tlm=\skip54
)
("C:\Program Files (x86)\MiKTeX 2.7\tex\latex\hyperref\hyperref.sty"
Package: hyperref 2008/04/24 v6.77u Hypertext links for LaTeX

("C:\Program Files (x86)\MiKTeX 2.7\tex\latex\oberdiek\hycolor.sty"
Package: hycolor 2007/04/11 v1.1 Code for color options of hyperref/bookmark (H
O)
)
\@linkdim=\dimen109
\Hy@linkcounter=\count101
\Hy@pagecounter=\count102

("C:\Program Files (x86)\MiKTeX 2.7\tex\latex\hyperref\pd1enc.def"
File: pd1enc.def 2008/04/24 v6.77u Hyperref: PDFDocEncoding definition (HO)
)
("C:\Program Files (x86)\MiKTeX 2.7\tex\generic\oberdiek\etexcmds.sty"
Package: etexcmds 2007/12/12 v1.2 Prefix for e-TeX command names (HO)

("C:\Program Files (x86)\MiKTeX 2.7\tex\generic\oberdiek\infwarerr.sty"
Package: infwarerr 2007/09/09 v1.2 Providing info/warning/message (HO)
)
Package etexcmds Info: Could not find \expanded.
(etexcmds)             That can mean that you are not using pdfTeX 1.50 or
(etexcmds)             that some package has redefined \expanded.
(etexcmds)             In the latter case, load this package earlier.
)
("C:\Program Files (x86)\MiKTeX 2.7\tex\latex\00miktex\hyperref.cfg"
File: hyperref.cfg 2002/06/06 v1.2 hyperref configuration of TeXLive
)
("C:\Program Files (x86)\MiKTeX 2.7\tex\latex\oberdiek\kvoptions.sty"
Package: kvoptions 2007/10/18 v3.0 Keyval support for LaTeX options (HO)
)
Package hyperref Info: Hyper figures OFF on input line 2892.
Package hyperref Info: Link nesting OFF on input line 2897.
Package hyperref Info: Hyper index ON on input line 2900.
Package hyperref Info: Plain pages OFF on input line 2907.
Package hyperref Info: Backreferencing OFF on input line 2912.

Implicit mode ON; LaTeX internals redefined
Package hyperref Info: Bookmarks ON on input line 3071.
("C:\Program Files (x86)\MiKTeX 2.7\tex\latex\ltxmisc\url.sty"
\Urlmuskip=\muskip10
Package: url 2006/04/12  ver 3.3  Verb mode for urls, etc.
)
LaTeX Info: Redefining \url on input line 3255.

("C:\Program Files (x86)\MiKTeX 2.7\tex\generic\oberdiek\bitset.sty"
Package: bitset 2007/09/28 v1.0 Data type bit set (HO)

("C:\Program Files (x86)\MiKTeX 2.7\tex\generic\oberdiek\intcalc.sty"
Package: intcalc 2007/09/27 v1.1 Expandable integer calculations (HO)
)
("C:\Program Files (x86)\MiKTeX 2.7\tex\generic\oberdiek\bigintcalc.sty"
Package: bigintcalc 2007/11/11 v1.1 Expandable big integer calculations (HO)

("C:\Program Files (x86)\MiKTeX 2.7\tex\generic\oberdiek\pdftexcmds.sty"
Package: pdftexcmds 2007/12/12 v0.3 LuaTeX support for pdfTeX utility functions
 (HO)
Package pdftexcmds Info: LuaTeX not detected on input line 139.
)))
("C:\Program Files (x86)\MiKTeX 2.7\tex\generic\oberdiek\kvsetkeys.sty"
Package: kvsetkeys 2007/09/29 v1.3 Key value parser with default handler suppor
t (HO)
)
\Fld@menulength=\count103
\Field@Width=\dimen110
\Fld@charsize=\dimen111
\Field@toks=\toks19
Package hyperref Info: Hyper figures OFF on input line 4169.
Package hyperref Info: Link nesting OFF on input line 4174.
Package hyperref Info: Hyper index ON on input line 4177.
Package hyperref Info: backreferencing OFF on input line 4184.
Package hyperref Info: Link coloring OFF on input line 4189.
Package hyperref Info: Link coloring with OCG OFF on input line 4194.
Package hyperref Info: PDF/A mode OFF on input line 4199.

("C:\Program Files (x86)\MiKTeX 2.7\tex\generic\oberdiek\atbegshi.sty"
Package: atbegshi 2007/09/09 v1.6 At begin shipout hook (HO)

("C:\Program Files (x86)\MiKTeX 2.7\tex\generic\oberdiek\ifpdf.sty"
Package: ifpdf 2007/12/12 v1.6 Provides the ifpdf switch (HO)
Package ifpdf Info: pdfTeX in pdf mode detected.
))
\Hy@abspage=\count104
\c@Item=\count105
\c@Hfootnote=\count106
)
*hyperref using default driver hpdftex*
("C:\Program Files (x86)\MiKTeX 2.7\tex\latex\hyperref\hpdftex.def"
File: hpdftex.def 2008/04/24 v6.77u Hyperref driver for pdfTeX
\Fld@listcount=\count107
)
(icml2011.sty
Package: icml2011 2011/01/01 v2.0 ICML Conference Style File
 (fancyhdr.sty
\fancy@headwidth=\skip55
\f@ncyO@elh=\skip56
\f@ncyO@erh=\skip57
\f@ncyO@olh=\skip58
\f@ncyO@orh=\skip59
\f@ncyO@elf=\skip60
\f@ncyO@erf=\skip61
\f@ncyO@olf=\skip62
\f@ncyO@orf=\skip63
)
("C:\Program Files (x86)\MiKTeX 2.7\tex\latex\graphics\color.sty"
Package: color 2005/11/14 v1.0j Standard LaTeX Color (DPC)

("C:\Program Files (x86)\MiKTeX 2.7\tex\latex\00miktex\color.cfg"
File: color.cfg 2007/01/18 v1.5 color configuration of teTeX/TeXLive
)
Package color Info: Driver file: pdftex.def on input line 130.
)
("C:\Program Files (x86)\MiKTeX 2.7\tex\latex\eso-pic\eso-pic.sty"
Package: eso-pic 2006/07/14 v1.1d eso-pic (RN)

("C:\Program Files (x86)\MiKTeX 2.7\tex\latex\ms\everyshi.sty"
Package: everyshi 2001/05/15 v3.00 EveryShipout Package (MS)
))
Package hyperref Info: Option `colorlinks' set `true' on input line 88.
\titrun=\box28
\captionbox=\box29
\captionboxwid=\dimen112
\icmlrulerbox=\box30
\icmlrulercount=\count108
\icmlruleroffset=\dimen113
\cv@lineheight=\dimen114
\cv@boxheight=\dimen115
\cv@tmpbox=\box31
\cv@refno=\count109
\cv@tot=\count110
\cv@tmpc@=\count111
\cv@tmpc=\count112
) (sim.aux)
LaTeX Font Info:    Checking defaults for OML/cmm/m/it on input line 56.
LaTeX Font Info:    ... okay on input line 56.
LaTeX Font Info:    Checking defaults for T1/cmr/m/n on input line 56.
LaTeX Font Info:    ... okay on input line 56.
LaTeX Font Info:    Checking defaults for OT1/cmr/m/n on input line 56.
LaTeX Font Info:    ... okay on input line 56.
LaTeX Font Info:    Checking defaults for OMS/cmsy/m/n on input line 56.
LaTeX Font Info:    ... okay on input line 56.
LaTeX Font Info:    Checking defaults for OMX/cmex/m/n on input line 56.
LaTeX Font Info:    ... okay on input line 56.
LaTeX Font Info:    Checking defaults for U/cmr/m/n on input line 56.
LaTeX Font Info:    ... okay on input line 56.
LaTeX Font Info:    Checking defaults for PD1/pdf/m/n on input line 56.
LaTeX Font Info:    ... okay on input line 56.

("C:\Program Files (x86)\MiKTeX 2.7\tex\context\base\supp-pdf.tex"
[Loading MPS to PDF converter (version 2006.09.02).]
\scratchcounter=\count113
\scratchdimen=\dimen116
\scratchbox=\box32
\nofMPsegments=\count114
\nofMParguments=\count115
\everyMPshowfont=\toks20
\MPscratchCnt=\count116
\MPscratchDim=\dimen117
\MPnumerator=\count117
\everyMPtoPDFconversion=\toks21
)
Package hyperref Info: Link coloring ON on input line 56.
 ("C:\Program Files (x86)\MiKTeX 2.7\tex\latex\hyperref\nameref.sty"
Package: nameref 2007/05/29 v2.31 Cross-referencing by name of section

("C:\Program Files (x86)\MiKTeX 2.7\tex\latex\oberdiek\refcount.sty"
Package: refcount 2006/02/20 v3.0 Data extraction from references (HO)
)
\c@section@level=\count118
)
LaTeX Info: Redefining \ref on input line 56.
LaTeX Info: Redefining \pageref on input line 56.
 (sim.out) (sim.out)
\@outlinefile=\write3
\AtBeginShipoutBox=\box33
 ABD: EveryShipout initializing macros
Overfull \hbox (5.1225pt too wide) in paragraph at lines 82--82
 [] 
 []

LaTeX Font Info:    Try loading font information for U+msa on input line 83.
("C:\Program Files (x86)\MiKTeX 2.7\tex\latex\amsfonts\umsa.fd"
File: umsa.fd 2002/01/19 v2.2g AMS font definitions
)
LaTeX Font Info:    Try loading font information for U+msb on input line 83.

("C:\Program Files (x86)\MiKTeX 2.7\tex\latex\amsfonts\umsb.fd"
File: umsb.fd 2002/01/19 v2.2g AMS font definitions
)

Package natbib Warning: Citation `Huang10' on page 1 undefined on input line 88
.


Underfull \vbox (badness 10000) has occurred while \output is active []



Package natbib Warning: Citation `Kendall90' on page 1 undefined on input line 
90.



pdfTeX warning: (null) (file tiles-tree-top.pdf): PDF inclusion: found PDF vers
ion <1.5>, but at most version <1.4> allowed
<tiles-tree-top.pdf, id=15, 216.81pt x 216.81pt>
File: tiles-tree-top.pdf Graphic file (type pdf)
 <use tiles-tree-top.pdf>
Underfull \vbox (badness 10000) has occurred while \output is active []

 [1{C:/ProgramData/MiKTeX/2.7/pdftex/config/pdftex.map}



]
Underfull \vbox (badness 10000) has occurred while \output is active []


Underfull \vbox (badness 10000) has occurred while \output is active []

 [2 <tiles-tree-top.pdf>]
Underfull \vbox (badness 10000) has occurred while \output is active []



LaTeX Warning: Reference `sec:parameters' on page 3 undefined on input line 129
.


Underfull \vbox (badness 10000) has occurred while \output is active []

 [3]

LaTeX Warning: Reference `sec:proj' on page 4 undefined on input line 141.


Package natbib Warning: Citation `??' on page 4 undefined on input line 141.


LaTeX Warning: Reference `sec:logisticexp' on page 4 undefined on input line 14
3.



pdfTeX warning: (null) (file expfig.pdf): PDF inclusion: found PDF version <1.5
>, but at most version <1.4> allowed
<expfig.pdf, id=72, 216.81pt x 216.81pt>
File: expfig.pdf Graphic file (type pdf)
 <use expfig.pdf> [4 <expfig.pdf>]

Package natbib Warning: Citation `??' on page 5 undefined on input line 169.

<tiles_adaptive.pdf, id=101, 1280.785pt x 668.4975pt>
File: tiles_adaptive.pdf Graphic file (type pdf)
 <use tiles_adaptive.pdf>
Underfull \vbox (badness 10000) has occurred while \output is active []

 [5]

Package natbib Warning: Citation `CC01' on page 6 undefined on input line 210.

<tiles_neighs.pdf, id=111, 1211.52625pt x 646.415pt>
File: tiles_neighs.pdf Graphic file (type pdf)
 <use tiles_neighs.pdf>
Overfull \hbox (18.06749pt too wide) in paragraph at lines 215--216
[][] 
 []


Underfull \vbox (badness 10000) has occurred while \output is active []

 [6 <tiles_adaptive.pdf>] <flags_neighs.pdf, id=124, 1133.23375pt x 644.4075pt>
File: flags_neighs.pdf Graphic file (type pdf)

<use flags_neighs.pdf>
Overfull \hbox (18.06749pt too wide) in paragraph at lines 219--220
[][] 
 []



pdfTeX warning: (null) (file neckties_pca2.pdf): PDF inclusion: found PDF versi
on <1.5>, but at most version <1.4> allowed
<neckties_pca2.pdf, id=125, 722.7pt x 542.025pt>
File: neckties_pca2.pdf Graphic file (type pdf)
 <use neckties_pca2.pdf>
Overfull \hbox (18.06749pt too wide) in paragraph at lines 222--223
[][] 
 []


Underfull \vbox (badness 10000) has occurred while \output is active []

 [7 <tiles_neighs.pdf> <flags_neighs.pdf> <neckties_pca2.pdf>]
Underfull \vbox (badness 2119) has occurred while \output is active []



Package natbib Warning: Citation `??' on page 8 undefined on input line 262.


Package natbib Warning: Citation `BDL09' on page 8 undefined on input line 262.


(sim.bbl [8])

Package natbib Warning: There were undefined citations.

[9

] (sim.aux)

LaTeX Warning: There were undefined references.

 ) 
Here is how much of TeX's memory you used:
 5205 strings out of 95337
 71137 string characters out of 1183908
 151046 words of memory out of 1500000
 8272 multiletter control sequences out of 110000
 11275 words of font info for 43 fonts, out of 1200000 for 2000
 14 hyphenation exceptions out of 8191
 36i,12n,45p,2459b,299s stack positions out of 5000i,500n,10000p,200000b,5000s
<C:/Program Files (x86)/MiKTeX 2.7/fonts/type1/bluesky/cm/cmbx10.pfb><C:/Prog
ram Files (x86)/MiKTeX 2.7/fonts/type1/bluesky/cm/cmbx12.pfb><C:/Program Files 
(x86)/MiKTeX 2.7/fonts/type1/bluesky/cm/cmbx9.pfb><C:/Program Files (x86)/MiKTe
X 2.7/fonts/type1/bluesky/cm/cmcsc10.pfb><C:/Program Files (x86)/MiKTeX 2.7/fon
ts/type1/bluesky/cm/cmex10.pfb><C:/Program Files (x86)/MiKTeX 2.7/fonts/type1/b
luesky/cm/cmmi10.pfb><C:/Program Files (x86)/MiKTeX 2.7/fonts/type1/bluesky/cm/
cmmi5.pfb><C:/Program Files (x86)/MiKTeX 2.7/fonts/type1/bluesky/cm/cmmi7.pfb><
C:/Program Files (x86)/MiKTeX 2.7/fonts/type1/bluesky/cm/cmmi9.pfb><C:/Program 
Files (x86)/MiKTeX 2.7/fonts/type1/bluesky/cm/cmr10.pfb><C:/Program Files (x86)
/MiKTeX 2.7/fonts/type1/bluesky/cm/cmr5.pfb><C:/Program Files (x86)/MiKTeX 2.7/
fonts/type1/bluesky/cm/cmr6.pfb><C:/Program Files (x86)/MiKTeX 2.7/fonts/type1/
bluesky/cm/cmr7.pfb><C:/Program Files (x86)/MiKTeX 2.7/fonts/type1/bluesky/cm/c
mr9.pfb><C:/Program Files (x86)/MiKTeX 2.7/fonts/type1/bluesky/cm/cmsl9.pfb><C:
/Program Files (x86)/MiKTeX 2.7/fonts/type1/bluesky/cm/cmsy10.pfb><C:/Program F
iles (x86)/MiKTeX 2.7/fonts/type1/bluesky/cm/cmsy5.pfb><C:/Program Files (x86)/
MiKTeX 2.7/fonts/type1/bluesky/cm/cmsy7.pfb><C:/Program Files (x86)/MiKTeX 2.7/
fonts/type1/bluesky/cm/cmti10.pfb><C:/Program Files (x86)/MiKTeX 2.7/fonts/type
1/bluesky/ams/msbm10.pfb>
Output written on sim.pdf (9 pages, 4007380 bytes).
PDF statistics:
 233 PDF objects out of 1000 (max. 8388607)
 43 named destinations out of 1000 (max. 131072)
 47 words of extra memory for PDF output out of 10000 (max. 10000000)

